<?xml version="1.0" encoding="UTF-8"?>
<!-- Generated by org.testng.reporters.JUnitXMLReporter -->
<testsuite hostname="indhu" ignored="0" name="Default test" tests="3" failures="0" timestamp="2021-03-30T12:41:14 IST" time="4.504" errors="0">
  <testcase name="testResponsecode" time="2.802" classname="getRequest.GetData"/>
  <testcase name="testbody" time="0.465" classname="getRequest.GetData"/>
  <testcase name="testbody1" time="1.186" classname="getRequest.GetData"/>
</testsuite> <!-- Default test -->
